[15:30:48] [Datafixer Bootstrap/INFO]: 188 Datafixer optimizations took 188 milliseconds
[15:30:49] [Render thread/INFO]: Environment: authHost='https://authserver.mojang.com', accountsHost='https://api.mojang.com', sessionHost='https://sessionserver.mojang.com', servicesHost='https://api.minecraftservices.com', name='PROD'
[15:30:50] [Render thread/ERROR]: Failed to verify authentication
com.mojang.authlib.exceptions.InvalidCredentialsException: Status: 401
	at com.mojang.authlib.exceptions.MinecraftClientHttpException.toAuthenticationException(MinecraftClientHttpException.java:56) ~[authlib-4.0.43.jar:?]
	at com.mojang.authlib.yggdrasil.YggdrasilUserApiService.fetchProperties(YggdrasilUserApiService.java:156) ~[authlib-4.0.43.jar:?]
	at com.mojang.authlib.yggdrasil.YggdrasilUserApiService.<init>(YggdrasilUserApiService.java:55) ~[authlib-4.0.43.jar:?]
	at com.mojang.authlib.yggdrasil.YggdrasilAuthenticationService.createUserApiService(YggdrasilAuthenticationService.java:124) ~[authlib-4.0.43.jar:?]
	at enn.a(SourceFile:733) ~[1.20.1.jar:?]
	at enn.<init>(SourceFile:442) ~[1.20.1.jar:?]
	at net.minecraft.client.main.Main.main(SourceFile:211) ~[1.20.1.jar:?]
Caused by: com.mojang.authlib.exceptions.MinecraftClientHttpException: Status: 401
	at com.mojang.authlib.minecraft.client.MinecraftClient.readInputStream(MinecraftClient.java:85) ~[authlib-4.0.43.jar:?]
	at com.mojang.authlib.minecraft.client.MinecraftClient.get(MinecraftClient.java:48) ~[authlib-4.0.43.jar:?]
	at com.mojang.authlib.yggdrasil.YggdrasilUserApiService.fetchProperties(YggdrasilUserApiService.java:129) ~[authlib-4.0.43.jar:?]
	... 5 more
[15:30:50] [Render thread/INFO]: Setting user: crummyChowder5
[15:30:50] [Render thread/INFO]: Backend library: LWJGL version 3.3.1 build 7
[15:30:51] [Worker-Main-2/ERROR]: Failed to retrieve profile key pair
java.io.IOException: Could not retrieve profile key pair
	at fes.a(SourceFile:139) ~[1.20.1.jar:?]
	at fes.b(SourceFile:79) ~[1.20.1.jar:?]
	at java.util.concurrent.CompletableFuture$AsyncSupply.run(CompletableFuture.java:1768) ~[?:?]
	at java.util.concurrent.CompletableFuture$AsyncSupply.exec(CompletableFuture.java:1760) ~[?:?]
	at java.util.concurrent.ForkJoinTask.doExec(ForkJoinTask.java:373) ~[?:?]
	at java.util.concurrent.ForkJoinPool$WorkQueue.topLevelExec(ForkJoinPool.java:1182) ~[?:?]
	at java.util.concurrent.ForkJoinPool.scan(ForkJoinPool.java:1655) ~[?:?]
	at java.util.concurrent.ForkJoinPool.runWorker(ForkJoinPool.java:1622) ~[?:?]
	at java.util.concurrent.ForkJoinWorkerThread.run(ForkJoinWorkerThread.java:165) ~[?:?]
[15:30:51] [Render thread/INFO]: Reloading ResourceManager: vanilla
[15:30:52] [Worker-Main-3/INFO]: Found unifont_all_no_pua-15.0.06.hex, loading
[15:30:52] [Realms Notification Availability checker #1/ERROR]: Realms http code: 400 - raw body (message failed to parse): 
[15:30:54] [Render thread/WARN]: Missing sound for event: minecraft:item.goat_horn.play
[15:30:54] [Render thread/WARN]: Missing sound for event: minecraft:entity.goat.screaming.horn_break
[15:30:54] [Render thread/INFO]: OpenAL initialized on device OpenAL Soft on 24G2W1G5 (NVIDIA High Definition Audio)
[15:30:54] [Render thread/INFO]: Sound engine started
[15:30:54] [Render thread/INFO]: Created: 1024x512x4 minecraft:textures/atlas/blocks.png-atlas
[15:30:54] [Render thread/INFO]: Created: 256x256x4 minecraft:textures/atlas/signs.png-atlas
[15:30:54] [Render thread/INFO]: Created: 512x512x4 minecraft:textures/atlas/banner_patterns.png-atlas
[15:30:54] [Render thread/INFO]: Created: 512x512x4 minecraft:textures/atlas/shield_patterns.png-atlas
[15:30:54] [Render thread/INFO]: Created: 1024x1024x4 minecraft:textures/atlas/armor_trims.png-atlas
[15:30:54] [Render thread/INFO]: Created: 256x256x4 minecraft:textures/atlas/chest.png-atlas
[15:30:54] [Render thread/INFO]: Created: 128x64x4 minecraft:textures/atlas/decorated_pot.png-atlas
[15:30:54] [Render thread/INFO]: Created: 512x256x4 minecraft:textures/atlas/beds.png-atlas
[15:30:54] [Render thread/INFO]: Created: 512x256x4 minecraft:textures/atlas/shulker_boxes.png-atlas
[15:30:54] [Render thread/WARN]: Shader rendertype_entity_translucent_emissive could not find sampler named Sampler2 in the specified shader program.
[15:30:55] [Render thread/INFO]: Created: 256x256x0 minecraft:textures/atlas/particles.png-atlas
[15:30:55] [Render thread/INFO]: Created: 256x256x0 minecraft:textures/atlas/paintings.png-atlas
[15:30:55] [Render thread/INFO]: Created: 128x128x0 minecraft:textures/atlas/mob_effects.png-atlas
[15:30:55] [Realms Notification Availability checker #1/ERROR]: Realms http code: 400 - raw body (message failed to parse): 
[15:31:02] [Realms Notification Availability checker #1/ERROR]: Realms http code: 400 - raw body (message failed to parse): 
[15:31:04] [Render thread/INFO]: Loaded 7 recipes
[15:31:04] [Render thread/INFO]: Loaded 1271 advancements
[15:31:06] [Realms Notification Availability checker #1/ERROR]: Realms http code: 400 - raw body (message failed to parse): 
[15:31:07] [MCO Compatability Checker #1/ERROR]: Realms http code: 400 - raw body (message failed to parse): 
[15:31:07] [MCO Compatability Checker #1/ERROR]: Couldn't connect to realms
ekm: Realms service error (400) Unknown error
	at eiz.a(SourceFile:475) ~[1.20.1.jar:?]
	at eiz.j(SourceFile:245) ~[1.20.1.jar:?]
	at eiu$1.run(SourceFile:633) ~[1.20.1.jar:?]
[15:31:08] [Realms Notification Availability checker #1/ERROR]: Realms http code: 400 - raw body (message failed to parse): 
[15:31:13] [Render thread/INFO]: Stopping!
